This is METAFONT, Version 2.718281 (TeX Live 2013/Debian) (base=mf 2014.11.30)  13 MAR 2016 18:00
**antlogo2.png antlogo.png
(antlogo2.png
! Text line contains an invalid character.
l.1 ‰
     PNG
? 
! Interruption.
<to be read again> 
                   PNG
l.1 ‰PNG
        
? 
! Text line contains an invalid character.
l.2 ^^Z
       
? 
! Text line contains an invalid character.
l.3 ^^@
       ^^@^^@
? ;
Type <return> to proceed, S to scroll future error messages,
R to run without stopping, Q to run quietly,
I to insert something, E to edit your file,
H for help, X to quit.
? 
! Text line contains an invalid character.
l.3 ^^@^^@
          ^^@
? 
! Text line contains an invalid character.
l.3 ^^@^^@^^@
             
? 
! Interruption.
l.4 
    IHDR^^@^^@^^C„^^@^^@^^@¤^^H^^F^^@^^@^^@Ï
? 
! Text line contains an invalid character.
l.4 IHDR^^@
           ^^@^^C„^^@^^@^^@¤^^H^^F^^@^^@^^@Ï
? 
! Text line contains an invalid character.
l.4 IHDR^^@^^@
              ^^C„^^@^^@^^@¤^^H^^F^^@^^@^^@Ï
? 
! Text line contains an invalid character.
l.4 IHDR^^@^^@^^C
                 „^^@^^@^^@¤^^H^^F^^@^^@^^@Ï
? 
! Text line contains an invalid character.
l.4 IHDR^^@^^@^^C„
                  ^^@^^@^^@¤^^H^^F^^@^^@^^@Ï
? ::q
Type <return> to proceed, S to scroll future error messages,
R to run without stopping, Q to run quietly,
I to insert something, E to edit your file,
H for help, X to quit.
? R
OK, entering nonstopmode...
! Text line contains an invalid character.
l.4 IHDR^^@^^@^^C„^^@
                     ^^@^^@¤^^H^^F^^@^^@^^@Ï
A funny symbol that I can't read has just been input.
Continue, and I'll forget that it ever happened.

! Text line contains an invalid character.
l.4 IHDR^^@^^@^^C„^^@^^@
                        ^^@¤^^H^^F^^@^^@^^@Ï
A funny symbol that I can't read has just been input.
Continue, and I'll forget that it ever happened.

! Text line contains an invalid character.
l.4 IHDR^^@^^@^^C„^^@^^@^^@
                           ¤^^H^^F^^@^^@^^@Ï
A funny symbol that I can't read has just been input.
Continue, and I'll forget that it ever happened.

! Text line contains an invalid character.
l.4 IHDR^^@^^@^^C„^^@^^@^^@¤
                            ^^H^^F^^@^^@^^@Ï
A funny symbol that I can't read has just been input.
Continue, and I'll forget that it ever happened.

! Text line contains an invalid character.
l.4 IHDR^^@^^@^^C„^^@^^@^^@¤^^H
                               ^^F^^@^^@^^@Ï
A funny symbol that I can't read has just been input.
Continue, and I'll forget that it ever happened.

! Text line contains an invalid character.
l.4 IHDR^^@^^@^^C„^^@^^@^^@¤^^H^^F
                                  ^^@^^@^^@Ï
A funny symbol that I can't read has just been input.
Continue, and I'll forget that it ever happened.

! Text line contains an invalid character.
l.4 IHDR^^@^^@^^C„^^@^^@^^@¤^^H^^F^^@
                                     ^^@^^@Ï
A funny symbol that I can't read has just been input.
Continue, and I'll forget that it ever happened.

! Text line contains an invalid character.
l.4 IHDR^^@^^@^^C„^^@^^@^^@¤^^H^^F^^@^^@
                                        ^^@Ï
A funny symbol that I can't read has just been input.
Continue, and I'll forget that it ever happened.

! Text line contains an invalid character.
l.4 IHDR^^@^^@^^C„^^@^^@^^@¤^^H^^F^^@^^@^^@
                                           Ï
A funny symbol that I can't read has just been input.
Continue, and I'll forget that it ever happened.

! Text line contains an invalid character.
l.4 IHDR^^@^^@^^C„^^@^^@^^@¤^^H^^F^^@^^@^^@Ï
                                            
A funny symbol that I can't read has just been input.
Continue, and I'll forget that it ever happened.

! Text line contains an invalid character.
l.5 à
     ^^@^^@^^@^^FbKGD^^@ÿ^^@ÿ^^@ÿ ½§“^^@^^@^^@	pHYs^^@^^@^^S^^@^^@^^S^^A^...
A funny symbol that I can't read has just been input.
Continue, and I'll forget that it ever happened.

! Text line contains an invalid character.
l.5 à
      ^^@^^@^^@^^FbKGD^^@ÿ^^@ÿ^^@ÿ ½§“^^@^^@^^@	pHYs^^@^^@^^S^^@^^@^^S^^A^...
A funny symbol that I can't read has just been input.
Continue, and I'll forget that it ever happened.

! Text line contains an invalid character.
l.5 à^^@
         ^^@^^@^^FbKGD^^@ÿ^^@ÿ^^@ÿ ½§“^^@^^@^^@	pHYs^^@^^@^^S^^@^^@^^S^^A^...
A funny symbol that I can't read has just been input.
Continue, and I'll forget that it ever happened.

! Text line contains an invalid character.
l.5 à^^@^^@
            ^^@^^FbKGD^^@ÿ^^@ÿ^^@ÿ ½§“^^@^^@^^@	pHYs^^@^^@^^S^^@^^@^^S^^A^...
A funny symbol that I can't read has just been input.
Continue, and I'll forget that it ever happened.

! Text line contains an invalid character.
l.5 à^^@^^@^^@
               ^^FbKGD^^@ÿ^^@ÿ^^@ÿ ½§“^^@^^@^^@	pHYs^^@^^@^^S^^@^^@^^S^^A^...
A funny symbol that I can't read has just been input.
Continue, and I'll forget that it ever happened.

! Text line contains an invalid character.
l.5 à^^@^^@^^@^^F
                  bKGD^^@ÿ^^@ÿ^^@ÿ ½§“^^@^^@^^@	pHYs^^@^^@^^S^^@^^@^^S^^A^...
A funny symbol that I can't read has just been input.
Continue, and I'll forget that it ever happened.

! Text line contains an invalid character.
l.5 à^^@^^@^^@^^FbKGD^^@
                         ÿ^^@ÿ^^@ÿ ½§“^^@^^@^^@	pHYs^^@^^@^^S^^@^^@^^S^^A^...
A funny symbol that I can't read has just been input.
Continue, and I'll forget that it ever happened.

! Text line contains an invalid character.
l.5 à^^@^^@^^@^^FbKGD^^@ÿ
                          ^^@ÿ^^@ÿ ½§“^^@^^@^^@	pHYs^^@^^@^^S^^@^^@^^S^^A^...
A funny symbol that I can't read has just been input.
Continue, and I'll forget that it ever happened.

! Text line contains an invalid character.
l.5 à^^@^^@^^@^^FbKGD^^@ÿ^^@
                             ÿ^^@ÿ ½§“^^@^^@^^@	pHYs^^@^^@^^S^^@^^@^^S^^A^...
A funny symbol that I can't read has just been input.
Continue, and I'll forget that it ever happened.

! Text line contains an invalid character.
l.5 à^^@^^@^^@^^FbKGD^^@ÿ^^@ÿ
                              ^^@ÿ ½§“^^@^^@^^@	pHYs^^@^^@^^S^^@^^@^^S^^A^...
A funny symbol that I can't read has just been input.
Continue, and I'll forget that it ever happened.

! Text line contains an invalid character.
l.5 à^^@^^@^^@^^FbKGD^^@ÿ^^@ÿ^^@
                                 ÿ ½§“^^@^^@^^@	pHYs^^@^^@^^S^^@^^@^^S^^A^...
A funny symbol that I can't read has just been input.
Continue, and I'll forget that it ever happened.

! Text line contains an invalid character.
l.5 à^^@^^@^^@^^FbKGD^^@ÿ^^@ÿ^^@ÿ
                                   ½§“^^@^^@^^@	pHYs^^@^^@^^S^^@^^@^^S^^A^...
A funny symbol that I can't read has just been input.
Continue, and I'll forget that it ever happened.

! Text line contains an invalid character.
l.5 à^^@^^@^^@^^FbKGD^^@ÿ^^@ÿ^^@ÿ 
                                   ½§“^^@^^@^^@	pHYs^^@^^@^^S^^@^^@^^S^^A^...
A funny symbol that I can't read has just been input.
Continue, and I'll forget that it ever happened.

! Text line contains an invalid character.
l.5 à^^@^^@^^@^^FbKGD^^@ÿ^^@ÿ^^@ÿ ½
                                    §“^^@^^@^^@	pHYs^^@^^@^^S^^@^^@^^S^^A^...
A funny symbol that I can't read has just been input.
Continue, and I'll forget that it ever happened.

! Text line contains an invalid character.
l.5 à^^@^^@^^@^^FbKGD^^@ÿ^^@ÿ^^@ÿ ½§
                                     “^^@^^@^^@	pHYs^^@^^@^^S^^@^^@^^S^^A^...
A funny symbol that I can't read has just been input.
Continue, and I'll forget that it ever happened.

! Text line contains an invalid character.
l.5 à^^@^^@^^@^^FbKGD^^@ÿ^^@ÿ^^@ÿ ½§“
                                      ^^@^^@^^@	pHYs^^@^^@^^S^^@^^@^^S^^A^...
A funny symbol that I can't read has just been input.
Continue, and I'll forget that it ever happened.

! Text line contains an invalid character.
l.5 à^^@^^@^^@^^FbKGD^^@ÿ^^@ÿ^^@ÿ ½§“^^@
                                         ^^@^^@	pHYs^^@^^@^^S^^@^^@^^S^^A^...
A funny symbol that I can't read has just been input.
Continue, and I'll forget that it ever happened.

! Text line contains an invalid character.
l.5 à^^@^^@^^@^^FbKGD^^@ÿ^^@ÿ^^@ÿ ½§“^^@^^@
                                            ^^@	pHYs^^@^^@^^S^^@^^@^^S^^A^...
A funny symbol that I can't read has just been input.
Continue, and I'll forget that it ever happened.

! Text line contains an invalid character.
l.5 à^^@^^@^^@^^FbKGD^^@ÿ^^@ÿ^^@ÿ ½§“^^@^^@^^@
                                               	pHYs^^@^^@^^S^^@^^@^^S^^A^...
A funny symbol that I can't read has just been input.
Continue, and I'll forget that it ever happened.

! Text line contains an invalid character.
l.5 ...^^@^^FbKGD^^@ÿ^^@ÿ^^@ÿ ½§“^^@^^@^^@	pHYs^^@
                                                  ^^@^^S^^@^^@^^S^^A^^@šœ^...
A funny symbol that I can't read has just been input.
Continue, and I'll forget that it ever happened.

! Text line contains an invalid character.
l.5 ...^^FbKGD^^@ÿ^^@ÿ^^@ÿ ½§“^^@^^@^^@	pHYs^^@^^@
                                                  ^^S^^@^^@^^S^^A^^@šœ^^X^...
A funny symbol that I can't read has just been input.
Continue, and I'll forget that it ever happened.

! Text line contains an invalid character.
l.5 ...^FbKGD^^@ÿ^^@ÿ^^@ÿ ½§“^^@^^@^^@	pHYs^^@^^@
                                                  ^^S^^@^^@^^S^^A^^@šœ^^X^^...
A funny symbol that I can't read has just been input.
Continue, and I'll forget that it ever happened.

! Text line contains an invalid character.
l.5 ...KGD^^@ÿ^^@ÿ^^@ÿ ½§“^^@^^@^^@	pHYs^^@^^@^^S
                                                  ^^@^^@^^S^^A^^@šœ^^X^^@^^...
A funny symbol that I can't read has just been input.
Continue, and I'll forget that it ever happened.

! Text line contains an invalid character.
l.5 ...^^@ÿ^^@ÿ^^@ÿ ½§“^^@^^@^^@	pHYs^^@^^@^^S^^@
                                                  ^^@^^S^^A^^@šœ^^X^^@^^@^^...
A funny symbol that I can't read has just been input.
Continue, and I'll forget that it ever happened.

! Text line contains an invalid character.
l.5 ...ÿ^^@ÿ^^@ÿ ½§“^^@^^@^^@	pHYs^^@^^@^^S^^@^^@
                                                  ^^S^^A^^@šœ^^X^^@^^@^^@^^...
A funny symbol that I can't read has just been input.
Continue, and I'll forget that it ever happened.

! Text line contains an invalid character.
l.5 ...^^@ÿ^^@ÿ ½§“^^@^^@^^@	pHYs^^@^^@^^S^^@^^@
                                                  ^^S^^A^^@šœ^^X^^@^^@^^@^^G...
A funny symbol that I can't read has just been input.
Continue, and I'll forget that it ever happened.

! Text line contains an invalid character.
l.5 ...ÿ^^@ÿ ½§“^^@^^@^^@	pHYs^^@^^@^^S^^@^^@^^S
                                                  ^^A^^@šœ^^X^^@^^@^^@^^GtIM...
A funny symbol that I can't read has just been input.
Continue, and I'll forget that it ever happened.

! Text line contains an invalid character.
l.5 ...@ÿ ½§“^^@^^@^^@	pHYs^^@^^@^^S^^@^^@^^S^^A
                                                  ^^@šœ^^X^^@^^@^^@^^GtIME^^...
A funny symbol that I can't read has just been input.
Continue, and I'll forget that it ever happened.

! Text line contains an invalid character.
l.5 ...½§“^^@^^@^^@	pHYs^^@^^@^^S^^@^^@^^S^^A^^@
                                                  šœ^^X^^@^^@^^@^^GtIME^^Gà^...
A funny symbol that I can't read has just been input.
Continue, and I'll forget that it ever happened.

! Text line contains an invalid character.
l.5 ...§“^^@^^@^^@	pHYs^^@^^@^^S^^@^^@^^S^^A^^@š
                                                  œ^^X^^@^^@^^@^^GtIME^^Gà^^...
A funny symbol that I can't read has just been input.
Continue, and I'll forget that it ever happened.

! Text line contains an invalid character.
l.5 ...“^^@^^@^^@	pHYs^^@^^@^^S^^@^^@^^S^^A^^@šœ
                                                  ^^X^^@^^@^^@^^GtIME^^Gà^^C...
A funny symbol that I can't read has just been input.
Continue, and I'll forget that it ever happened.

! Text line contains an invalid character.
l.5 ...@^^@^^@	pHYs^^@^^@^^S^^@^^@^^S^^A^^@šœ^^X
                                                  ^^@^^@^^@^^GtIME^^Gà^^C^^N...
A funny symbol that I can't read has just been input.
Continue, and I'll forget that it ever happened.

! Text line contains an invalid character.
l.5 ...@^^@	pHYs^^@^^@^^S^^@^^@^^S^^A^^@šœ^^X^^@
                                                  ^^@^^@^^GtIME^^Gà^^C^^N^^@...
A funny symbol that I can't read has just been input.
Continue, and I'll forget that it ever happened.

! Text line contains an invalid character.
l.5 ...@	pHYs^^@^^@^^S^^@^^@^^S^^A^^@šœ^^X^^@^^@
                                                  ^^@^^GtIME^^Gà^^C^^N^^@:!^...
A funny symbol that I can't read has just been input.
Continue, and I'll forget that it ever happened.

! Text line contains an invalid character.
l.5 ...HYs^^@^^@^^S^^@^^@^^S^^A^^@šœ^^X^^@^^@^^@
                                                  ^^GtIME^^Gà^^C^^N^^@:!^^T/...
A funny symbol that I can't read has just been input.
Continue, and I'll forget that it ever happened.

! Text line contains an invalid character.
l.5 ...^^@^^@^^S^^@^^@^^S^^A^^@šœ^^X^^@^^@^^@^^G
                                                  tIME^^Gà^^C^^N^^@:!^^T/ræ^...
A funny symbol that I can't read has just been input.
Continue, and I'll forget that it ever happened.

! Text line contains an invalid character.
l.5 ...^^S^^@^^@^^S^^A^^@šœ^^X^^@^^@^^@^^GtIME^^G
                                                  à^^C^^N^^@:!^^T/ræ^^@^^@^^...
A funny symbol that I can't read has just been input.
Continue, and I'll forget that it ever happened.

! Text line contains an invalid character.
l.5 ...^S^^@^^@^^S^^A^^@šœ^^X^^@^^@^^@^^GtIME^^Gà
                                                  ^^C^^N^^@:!^^T/ræ^^@^^@^^@...
A funny symbol that I can't read has just been input.
Continue, and I'll forget that it ever happened.

! Text line contains an invalid character.
l.5 ...^@^^@^^S^^A^^@šœ^^X^^@^^@^^@^^GtIME^^Gà^^C
                                                  ^^N^^@:!^^T/ræ^^@^^@^^@^^Y...
A funny symbol that I can't read has just been input.
Continue, and I'll forget that it ever happened.

! Text line contains an invalid character.
l.5 ...^@^^S^^A^^@šœ^^X^^@^^@^^@^^GtIME^^Gà^^C^^N
                                                  ^^@:!^^T/ræ^^@^^@^^@^^YtEX...
A funny symbol that I can't read has just been input.
Continue, and I'll forget that it ever happened.

! Text line contains an invalid character.
l.5 ...^^S^^A^^@šœ^^X^^@^^@^^@^^GtIME^^Gà^^C^^N^^@
                                                  :!^^T/ræ^^@^^@^^@^^YtEXtCo...
A funny symbol that I can't read has just been input.
Continue, and I'll forget that it ever happened.

>> PNG.IHDR.bKGD.pHYs.tIME
! Isolated expression.
<to be read again> 
                   :
l.5 ...^S^^A^^@šœ^^X^^@^^@^^@^^GtIME^^Gà^^C^^N^^@:
                                                  !^^T/ræ^^@^^@^^@^^YtEXtCom...
I couldn't find an `=' or `:=' after the
expression that is shown above this error message,
so I guess I'll just ignore it and carry on.

! Extra tokens will be flushed.
<to be read again> 
                   :
l.5 ...^S^^A^^@šœ^^X^^@^^@^^@^^GtIME^^Gà^^C^^N^^@:
                                                  !^^T/ræ^^@^^@^^@^^YtEXtCom...
I've just read as much of that statement as I could fathom,
so a semicolon should have been next. It's very puzzling...
but I'll try to get myself back together, by ignoring
everything up to the next `;'. Please insert a semicolon
now in front of anything that you don't want me to delete.
(See Chapter 27 of The METAFONTbook for an example.)

! Text line contains an invalid character.
l.5 ...A^^@šœ^^X^^@^^@^^@^^GtIME^^Gà^^C^^N^^@:!^^T
                                                  /ræ^^@^^@^^@^^YtEXtComment...
A funny symbol that I can't read has just been input.
Continue, and I'll forget that it ever happened.

! Text line contains an invalid character.
l.5 ...@šœ^^X^^@^^@^^@^^GtIME^^Gà^^C^^N^^@:!^^T/ræ
                                                  ^^@^^@^^@^^YtEXtComment^^@...
A funny symbol that I can't read has just been input.
Continue, and I'll forget that it ever happened.

! Text line contains an invalid character.
l.5 ...^^X^^@^^@^^@^^GtIME^^Gà^^C^^N^^@:!^^T/ræ^^@
                                                  ^^@^^@^^YtEXtComment^^@Cre...
A funny symbol that I can't read has just been input.
Continue, and I'll forget that it ever happened.

! Text line contains an invalid character.
l.5 ...^^@^^@^^@^^GtIME^^Gà^^C^^N^^@:!^^T/ræ^^@^^@
                                                  ^^@^^YtEXtComment^^@Create...
A funny symbol that I can't read has just been input.
Continue, and I'll forget that it ever happened.

! Text line contains an invalid character.
l.5 ...^^@^^@^^GtIME^^Gà^^C^^N^^@:!^^T/ræ^^@^^@^^@
                                                  ^^YtEXtComment^^@Created w...
A funny symbol that I can't read has just been input.
Continue, and I'll forget that it ever happened.

! Text line contains an invalid character.
l.5 ...^^@^^GtIME^^Gà^^C^^N^^@:!^^T/ræ^^@^^@^^@^^Y
                                                  tEXtComment^^@Created with...
A funny symbol that I can't read has just been input.
Continue, and I'll forget that it ever happened.

! Text line contains an invalid character.
l.5 ...^^C^^N^^@:!^^T/ræ^^@^^@^^@^^YtEXtComment^^@
                                                  Created with GIMPW^^N^^W^...
A funny symbol that I can't read has just been input.
Continue, and I'll forget that it ever happened.

! Text line contains an invalid character.
l.5 ...@^^@^^@^^YtEXtComment^^@Created with GIMPW
                                                  ^^N^^W^^@^^@ ^^@IDATxÚìİyœ...
A funny symbol that I can't read has just been input.
Continue, and I'll forget that it ever happened.

! Text line contains an invalid character.
l.5 ...@^^@^^YtEXtComment^^@Created with GIMPW^^N
                                                  ^^W^^@^^@ ^^@IDATxÚìİyœ×]...
A funny symbol that I can't read has just been input.
Continue, and I'll forget that it ever happened.

! Text line contains an invalid character.
l.5 ...@^^YtEXtComment^^@Created with GIMPW^^N^^W
                                                  ^^@^^@ ^^@IDATxÚìİyœ×]çùÏ...
A funny symbol that I can't read has just been input.
Continue, and I'll forget that it ever happened.

! Text line contains an invalid character.
l.5 ...YtEXtComment^^@Created with GIMPW^^N^^W^^@
                                                  ^^@ ^^@IDATxÚìİyœ×]çùÏ9çy...
A funny symbol that I can't read has just been input.
Continue, and I'll forget that it ever happened.

! Text line contains an invalid character.
l.5 ...XtComment^^@Created with GIMPW^^N^^W^^@^^@
                                                   ^^@IDATxÚìİyœ×]çùÏ9çy»Õ...
A funny symbol that I can't read has just been input.
Continue, and I'll forget that it ever happened.

! Text line contains an invalid character.
l.5 ...mment^^@Created with GIMPW^^N^^W^^@^^@ ^^@
                                                  IDATxÚìİyœ×]çùÏ9çy»Õ¾j_m...
A funny symbol that I can't read has just been input.
Continue, and I'll forget that it ever happened.

! Text line contains an invalid character.
l.5 ...^@Created with GIMPW^^N^^W^^@^^@ ^^@IDATxÚ
                                                  ìİyœ×]çùÏ9çy»Õ¾j_m9Nb'–l...
A funny symbol that I can't read has just been input.
Continue, and I'll forget that it ever happened.

! Text line contains an invalid character.
l.5 ...@Created with GIMPW^^N^^W^^@^^@ ^^@IDATxÚì
                                                  İyœ×]çùÏ9çy»Õ¾j_m9Nb'–lÇ...
A funny symbol that I can't read has just been input.
Continue, and I'll forget that it ever happened.

! Text line contains an invalid character.
l.5 ...Created with GIMPW^^N^^W^^@^^@ ^^@IDATxÚìİ
                                                  yœ×]çùÏ9çy»Õ¾j_m9Nb'–lÇ–...
A funny symbol that I can't read has just been input.
Continue, and I'll forget that it ever happened.

! Text line contains an invalid character.
l.5 ...eated with GIMPW^^N^^W^^@^^@ ^^@IDATxÚìİyœ
                                                  ×]çùÏ9çy»Õ¾j_m9Nb'–lÇ–å…...
A funny symbol that I can't read has just been input.
Continue, and I'll forget that it ever happened.

! Text line contains an invalid character.
l.5 ...ated with GIMPW^^N^^W^^@^^@ ^^@IDATxÚìİyœ
                                                  ×]çùÏ9çy»Õ¾j_m9Nb'–lÇ–å…,...
A funny symbol that I can't read has just been input.
Continue, and I'll forget that it ever happened.

! Text line contains an invalid character.
l.5 ...ted with GIMPW^^N^^W^^@^^@ ^^@IDATxÚìİyœ×
                                                  ]çùÏ9çy»Õ¾j_m9Nb'–lÇ–å…,˜...
A funny symbol that I can't read has just been input.
Continue, and I'll forget that it ever happened.

! Text line contains an invalid character.
l.5 ...d with GIMPW^^N^^W^^@^^@ ^^@IDATxÚìİyœ×]ç
                                                  ùÏ9çy»Õ¾j_m9Nb'–lÇ–å…,˜NB...
A funny symbol that I can't read has just been input.
Continue, and I'll forget that it ever happened.

! Text line contains an invalid character.
l.5 ... with GIMPW^^N^^W^^@^^@ ^^@IDATxÚìİyœ×]çù
                                                  Ï9çy»Õ¾j_m9Nb'–lÇ–å…,˜NB^...
A funny symbol that I can't read has just been input.
Continue, and I'll forget that it ever happened.

! Text line contains an invalid character.
l.5 ...with GIMPW^^N^^W^^@^^@ ^^@IDATxÚìİyœ×]çùÏ
                                                  9çy»Õ¾j_m9Nb'–lÇ–å…,˜NB^^...
A funny symbol that I can't read has just been input.
Continue, and I'll forget that it ever happened.

! Text line contains an invalid character.
l.5 ...th GIMPW^^N^^W^^@^^@ ^^@IDATxÚìİyœ×]çùÏ9ç
                                                  y»Õ¾j_m9Nb'–lÇ–å…,˜NB^^B¡...
A funny symbol that I can't read has just been input.
Continue, and I'll forget that it ever happened.

! Text line contains an invalid character.
l.5 ... GIMPW^^N^^W^^@^^@ ^^@IDATxÚìİyœ×]çùÏ9çy
                                                  »Õ¾j_m9Nb'–lÇ–å…,˜NB^^B¡ÉÒ...
A funny symbol that I can't read has just been input.
Continue, and I'll forget that it ever happened.

! Text line contains an invalid character.
l.5 ...GIMPW^^N^^W^^@^^@ ^^@IDATxÚìİyœ×]çùÏ9çy»
                                                  Õ¾j_m9Nb'–lÇ–å…,˜NB^^B¡ÉÒC...
A funny symbol that I can't read has just been input.
Continue, and I'll forget that it ever happened.

! Text line contains an invalid character.
l.5 ...IMPW^^N^^W^^@^^@ ^^@IDATxÚìİyœ×]çùÏ9çy»Õ
                                                  ¾j_m9Nb'–lÇ–å…,˜NB^^B¡ÉÒC˜...
A funny symbol that I can't read has just been input.
Continue, and I'll forget that it ever happened.

! Text line contains an invalid character.
l.5 ...MPW^^N^^W^^@^^@ ^^@IDATxÚìİyœ×]çùÏ9çy»Õ¾
                                                  j_m9Nb'–lÇ–å…,˜NB^^B¡ÉÒC˜™...
A funny symbol that I can't read has just been input.
Continue, and I'll forget that it ever happened.

! Text line contains an invalid character.
l.5 ...^W^^@^^@ ^^@IDATxÚìİyœ×]çùÏ9çy»Õ¾j_m9Nb'–
                                                  lÇ–å…,˜NB^^B¡ÉÒC˜™&Ã^^LKpÓ...
A funny symbol that I can't read has just been input.
Continue, and I'll forget that it ever happened.

! Text line contains an invalid character.
l.5 ...^^@^^@ ^^@IDATxÚìİyœ×]çùÏ9çy»Õ¾j_m9Nb'–lÇ
                                                  –å…,˜NB^^B¡ÉÒC˜™&Ã^^LKpÓ¼Â...
A funny symbol that I can't read has just been input.
Continue, and I'll forget that it ever happened.

! Text line contains an invalid character.
l.5 ...^@^^@ ^^@IDATxÚìİyœ×]çùÏ9çy»Õ¾j_m9Nb'–lÇ–
                                                  å…,˜NB^^B¡ÉÒC˜™&Ã^^LKpÓ¼Â4...
A funny symbol that I can't read has just been input.
Continue, and I'll forget that it ever happened.

! Text line contains an invalid character.
l.5 ...@^^@ ^^@IDATxÚìİyœ×]çùÏ9çy»Õ¾j_m9Nb'–lÇ–å
                                                  …,˜NB^^B¡ÉÒC˜™&Ã^^LKpÓ¼Â4L...
A funny symbol that I can't read has just been input.
Continue, and I'll forget that it ever happened.

! Text line contains an invalid character.
l.5 ...^^@ ^^@IDATxÚìİyœ×]çùÏ9çy»Õ¾j_m9Nb'–lÇ–å…
                                                  ,˜NB^^B¡ÉÒC˜™&Ã^^LKpÓ¼Â4LÓ...
A funny symbol that I can't read has just been input.
Continue, and I'll forget that it ever happened.

! Text line contains an invalid character.
l.5 ...@ ^^@IDATxÚìİyœ×]çùÏ9çy»Õ¾j_m9Nb'–lÇ–å…,˜
                                                  NB^^B¡ÉÒC˜™&Ã^^LKpÓ¼Â4LÓÍ^...
A funny symbol that I can't read has just been input.
Continue, and I'll forget that it ever happened.

! Text line contains an invalid character.
l.5 ...IDATxÚìİyœ×]çùÏ9çy»Õ¾j_m9Nb'–lÇ–å…,˜NB^^B
                                                  ¡ÉÒC˜™&Ã^^LKpÓ¼Â4LÓÍ^^V˜„¼...
A funny symbol that I can't read has just been input.
Continue, and I'll forget that it ever happened.

! Text line contains an invalid character.
l.5 ...DATxÚìİyœ×]çùÏ9çy»Õ¾j_m9Nb'–lÇ–å…,˜NB^^B¡
                                                  ÉÒC˜™&Ã^^LKpÓ¼Â4LÓÍ^^V˜„¼:...
A funny symbol that I can't read has just been input.
Continue, and I'll forget that it ever happened.

! Text line contains an invalid character.
l.5 ...ATxÚìİyœ×]çùÏ9çy»Õ¾j_m9Nb'–lÇ–å…,˜NB^^B¡É
                                                  ÒC˜™&Ã^^LKpÓ¼Â4LÓÍ^^V˜„¼:^...
A funny symbol that I can't read has just been input.
Continue, and I'll forget that it ever happened.

! Text line contains an invalid character.
l.5 ...TxÚìİyœ×]çùÏ9çy»Õ¾j_m9Nb'–lÇ–å…,˜NB^^B¡ÉÒ
                                                  C˜™&Ã^^LKpÓ¼Â4LÓÍ^^V˜„¼:^^...
A funny symbol that I can't read has just been input.
Continue, and I'll forget that it ever happened.

! Text line contains an invalid character.
l.5 ...Úìİyœ×]çùÏ9çy»Õ¾j_m9Nb'–lÇ–å…,˜NB^^B¡ÉÒC˜
                                                  ™&Ã^^LKpÓ¼Â4LÓÍ^^V˜„¼:^^C	...
A funny symbol that I can't read has just been input.
Continue, and I'll forget that it ever happened.

! Text line contains an invalid character.
l.5 ...ìİyœ×]çùÏ9çy»Õ¾j_m9Nb'–lÇ–å…,˜NB^^B¡ÉÒC˜™
                                                  &Ã^^LKpÓ¼Â4LÓÍ^^V˜„¼:^^C	I...
A funny symbol that I can't read has just been input.
Continue, and I'll forget that it ever happened.

! Text line contains an invalid character.
l.5 ...yœ×]çùÏ9çy»Õ¾j_m9Nb'–lÇ–å…,˜NB^^B¡ÉÒC˜™&Ã
                                                  ^^LKpÓ¼Â4LÓÍ^^V˜„¼:^^C	I ...
A funny symbol that I can't read has just been input.
Continue, and I'll forget that it ever happened.

! Text line contains an invalid character.
l.5 ...ùÏ9çy»Õ¾j_m9Nb'–lÇ–å…,˜NB^^B¡ÉÒC˜™&Ã^^LKpÓ
                                                  ¼Â4LÓÍ^^V˜„¼:^^C	I ¦3Ğì4ë...
A funny symbol that I can't read has just been input.
Continue, and I'll forget that it ever happened.

! Text line contains an invalid character.
l.5 ...Ï9çy»Õ¾j_m9Nb'–lÇ–å…,˜NB^^B¡ÉÒC˜™&Ã^^LKpÓ¼
                                                  Â4LÓÍ^^V˜„¼:^^C	I ¦3Ğì4ë@...
A funny symbol that I can't read has just been input.
Continue, and I'll forget that it ever happened.

! Text line contains an invalid character.
l.5 ...9çy»Õ¾j_m9Nb'–lÇ–å…,˜NB^^B¡ÉÒC˜™&Ã^^LKpÓ¼Â
                                                  4LÓÍ^^V˜„¼:^^C	I ¦3Ğì4ë@'...
A funny symbol that I can't read has just been input.
Continue, and I'll forget that it ever happened.

! Text line contains an invalid character.
l.5 ...»Õ¾j_m9Nb'–lÇ–å…,˜NB^^B¡ÉÒC˜™&Ã^^LKpÓ¼Â4LÓ
                                                  Í^^V˜„¼:^^C	I ¦3Ğì4ë@'$ñ"...
A funny symbol that I can't read has just been input.
Continue, and I'll forget that it ever happened.

! Text line contains an invalid character.
l.5 ...»Õ¾j_m9Nb'–lÇ–å…,˜NB^^B¡ÉÒC˜™&Ã^^LKpÓ¼Â4LÓÍ
                                                  ^^V˜„¼:^^C	I ¦3Ğì4ë@'$ñ"ï...
A funny symbol that I can't read has just been input.
Continue, and I'll forget that it ever happened.

! Text line contains an invalid character.
l.5 ...j_m9Nb'–lÇ–å…,˜NB^^B¡ÉÒC˜™&Ã^^LKpÓ¼Â4LÓÍ^^V
                                                  ˜„¼:^^C	I ¦3Ğì4ë@'$ñ"ï–b;...
A funny symbol that I can't read has just been input.
Continue, and I'll forget that it ever happened.

! Text line contains an invalid character.
l.5 ..._m9Nb'–lÇ–å…,˜NB^^B¡ÉÒC˜™&Ã^^LKpÓ¼Â4LÓÍ^^V˜
                                                  „¼:^^C	I ¦3Ğì4ë@'$ñ"ï–b;...
(That makes 100 errors; please try again.)
